15:24:38.466 [main] INFO  testCases.TC_001_AccountRegistraionTest - ***  Starting TC_001_AccountRegistraionTest ***
15:24:38.597 [main] INFO  testCases.TC_001_AccountRegistraionTest - *** Click on My Account ***
15:24:39.134 [main] INFO  testCases.TC_001_AccountRegistraionTest - *** Click on Register ***
15:24:39.136 [main] INFO  testCases.TC_001_AccountRegistraionTest - *** Providing customer Data ***
15:24:39.669 [main] INFO  testCases.TC_001_AccountRegistraionTest - *** Click on Policy Button ***
15:24:39.712 [main] INFO  testCases.TC_001_AccountRegistraionTest - *** Click on Continue Button ***
15:24:39.712 [main] INFO  testCases.TC_001_AccountRegistraionTest - *** Validating Confirmation MSG ***
15:27:58.368 [main] INFO  testCases.TC_001_AccountRegistraionTest - ***  Starting TC_001_AccountRegistraionTest ***
15:27:58.483 [main] INFO  testCases.TC_001_AccountRegistraionTest - *** Click on My Account ***
15:27:58.856 [main] INFO  testCases.TC_001_AccountRegistraionTest - *** Click on Register ***
15:27:58.859 [main] INFO  testCases.TC_001_AccountRegistraionTest - *** Providing customer Data ***
15:27:59.310 [main] INFO  testCases.TC_001_AccountRegistraionTest - *** Click on Policy Button ***
15:27:59.346 [main] INFO  testCases.TC_001_AccountRegistraionTest - *** Click on Continue Button ***
15:27:59.346 [main] INFO  testCases.TC_001_AccountRegistraionTest - *** Validating Confirmation MSG ***
15:28:00.022 [main] INFO  testCases.TC_001_AccountRegistraionTest - *** finish TC_001_AccountRegistraionTest ***
15:33:26.283 [main] DEBUG io.netty.util.internal.logging.InternalLoggerFactory - Using Log4J2 as the default logging framework
15:33:26.298 [main] DEBUG io.netty.util.ResourceLeakDetector - -Dio.netty.leakDetection.level: simple
15:33:26.298 [main] DEBUG io.netty.util.ResourceLeakDetector - -Dio.netty.leakDetection.targetRecords: 4
15:33:26.301 [main] DEBUG io.netty.util.ResourceLeakDetectorFactory - Loaded default ResourceLeakDetector: io.netty.util.ResourceLeakDetector@390877d2
15:33:26.338 [main] DEBUG io.netty.util.internal.PlatformDependent0 - -Dio.netty.noUnsafe: false
15:33:26.338 [main] DEBUG io.netty.util.internal.PlatformDependent0 - Java version: 20
15:33:26.340 [main] DEBUG io.netty.util.internal.PlatformDependent0 - sun.misc.Unsafe.theUnsafe: available
15:33:26.340 [main] DEBUG io.netty.util.internal.PlatformDependent0 - sun.misc.Unsafe.copyMemory: available
15:33:26.343 [main] DEBUG io.netty.util.internal.PlatformDependent0 - sun.misc.Unsafe.storeFence: available
15:33:26.344 [main] DEBUG io.netty.util.internal.PlatformDependent0 - java.nio.Buffer.address: available
15:33:26.345 [main] DEBUG io.netty.util.internal.PlatformDependent0 - direct buffer constructor: unavailable: Reflective setAccessible(true) disabled
15:33:26.348 [main] DEBUG io.netty.util.internal.PlatformDependent0 - java.nio.Bits.unaligned: available, true
15:33:26.350 [main] DEBUG io.netty.util.internal.PlatformDependent0 - jdk.internal.misc.Unsafe.allocateUninitializedArray(int): unavailable: class io.netty.util.internal.PlatformDependent0$7 cannot access class jdk.internal.misc.Unsafe (in module java.base) because module java.base does not export jdk.internal.misc to unnamed module @78c03f1f
15:33:26.352 [main] DEBUG io.netty.util.internal.PlatformDependent0 - java.nio.DirectByteBuffer.<init>(long, int): unavailable
15:33:26.352 [main] DEBUG io.netty.util.internal.PlatformDependent - sun.misc.Unsafe: available
15:33:26.354 [main] DEBUG io.netty.util.internal.PlatformDependent - maxDirectMemory: 2101346304 bytes (maybe)
15:33:26.355 [main] DEBUG io.netty.util.internal.PlatformDependent - -Dio.netty.tmpdir: C:\Users\AB\AppData\Local\Temp (java.io.tmpdir)
15:33:26.355 [main] DEBUG io.netty.util.internal.PlatformDependent - -Dio.netty.bitMode: 64 (sun.arch.data.model)
15:33:26.355 [main] DEBUG io.netty.util.internal.PlatformDependent - Platform: Windows
15:33:26.356 [main] DEBUG io.netty.util.internal.PlatformDependent - -Dio.netty.maxDirectMemory: -1 bytes
15:33:26.356 [main] DEBUG io.netty.util.internal.PlatformDependent - -Dio.netty.uninitializedArrayAllocationThreshold: -1
15:33:26.360 [main] DEBUG io.netty.util.internal.CleanerJava9 - java.nio.ByteBuffer.cleaner(): available
15:33:26.360 [main] DEBUG io.netty.util.internal.PlatformDependent - -Dio.netty.noPreferDirect: false
15:33:26.369 [main] DEBUG io.netty.util.internal.PlatformDependent - org.jctools-core.MpscChunkedArrayQueue: available
15:33:26.388 [main] DEBUG io.netty.util.internal.InternalThreadLocalMap - -Dio.netty.threadLocalMap.stringBuilder.initialSize: 1024
15:33:26.388 [main] DEBUG io.netty.util.internal.InternalThreadLocalMap - -Dio.netty.threadLocalMap.stringBuilder.maxSize: 4096
15:33:26.439 [main] DEBUG io.netty.handler.ssl.JdkSslContext - Default protocols (JDK): [TLSv1.3, TLSv1.2] 
15:33:26.439 [main] DEBUG io.netty.handler.ssl.JdkSslContext - Default cipher suites (JDK): [TLS_ECDHE_ECDSA_WITH_AES_256_GCM_SHA384, TLS_ECDHE_ECDSA_WITH_AES_128_GCM_SHA256, TLS_ECDHE_RSA_WITH_AES_128_GCM_SHA256, TLS_ECDHE_RSA_WITH_AES_256_GCM_SHA384, TLS_ECDHE_RSA_WITH_AES_128_CBC_SHA, TLS_ECDHE_RSA_WITH_AES_256_CBC_SHA, TLS_RSA_WITH_AES_128_GCM_SHA256, TLS_RSA_WITH_AES_128_CBC_SHA, TLS_RSA_WITH_AES_256_CBC_SHA, TLS_AES_128_GCM_SHA256, TLS_AES_256_GCM_SHA384]
15:33:26.454 [main] DEBUG io.netty.util.concurrent.GlobalEventExecutor - -Dio.netty.globalEventExecutor.quietPeriodSeconds: 1
15:33:26.465 [main] DEBUG io.netty.channel.MultithreadEventLoopGroup - -Dio.netty.eventLoopThreads: 16
15:33:26.474 [main] DEBUG io.netty.channel.nio.NioEventLoop - -Dio.netty.noKeySetOptimization: false
15:33:26.474 [main] DEBUG io.netty.channel.nio.NioEventLoop - -Dio.netty.selectorAutoRebuildThreshold: 512
15:33:26.524 [main] DEBUG io.netty.buffer.PooledByteBufAllocator - -Dio.netty.allocator.numHeapArenas: 16
15:33:26.524 [main] DEBUG io.netty.buffer.PooledByteBufAllocator - -Dio.netty.allocator.numDirectArenas: 16
15:33:26.524 [main] DEBUG io.netty.buffer.PooledByteBufAllocator - -Dio.netty.allocator.pageSize: 8192
15:33:26.524 [main] DEBUG io.netty.buffer.PooledByteBufAllocator - -Dio.netty.allocator.maxOrder: 9
15:33:26.524 [main] DEBUG io.netty.buffer.PooledByteBufAllocator - -Dio.netty.allocator.chunkSize: 4194304
15:33:26.524 [main] DEBUG io.netty.buffer.PooledByteBufAllocator - -Dio.netty.allocator.smallCacheSize: 256
15:33:26.524 [main] DEBUG io.netty.buffer.PooledByteBufAllocator - -Dio.netty.allocator.normalCacheSize: 64
15:33:26.525 [main] DEBUG io.netty.buffer.PooledByteBufAllocator - -Dio.netty.allocator.maxCachedBufferCapacity: 32768
15:33:26.525 [main] DEBUG io.netty.buffer.PooledByteBufAllocator - -Dio.netty.allocator.cacheTrimInterval: 8192
15:33:26.525 [main] DEBUG io.netty.buffer.PooledByteBufAllocator - -Dio.netty.allocator.cacheTrimIntervalMillis: 0
15:33:26.525 [main] DEBUG io.netty.buffer.PooledByteBufAllocator - -Dio.netty.allocator.useCacheForAllThreads: false
15:33:26.525 [main] DEBUG io.netty.buffer.PooledByteBufAllocator - -Dio.netty.allocator.maxCachedByteBuffersPerChunk: 1023
15:33:26.539 [main] DEBUG io.netty.buffer.ByteBufUtil - -Dio.netty.allocator.type: pooled
15:33:26.539 [main] DEBUG io.netty.buffer.ByteBufUtil - -Dio.netty.threadLocalDirectBufferSize: 0
15:33:26.539 [main] DEBUG io.netty.buffer.ByteBufUtil - -Dio.netty.maxThreadLocalCharBufferSize: 16384
15:33:26.885 [Forwarding newSession on session null to remote] DEBUG io.netty.channel.DefaultChannelId - -Dio.netty.processId: 11800 (auto-detected)
15:33:26.888 [Forwarding newSession on session null to remote] DEBUG io.netty.util.NetUtil - -Djava.net.preferIPv4Stack: false
15:33:26.888 [Forwarding newSession on session null to remote] DEBUG io.netty.util.NetUtil - -Djava.net.preferIPv6Addresses: false
15:33:26.898 [Forwarding newSession on session null to remote] DEBUG io.netty.util.NetUtilInitializations - Loopback interface: lo (Software Loopback Interface 1, 127.0.0.1)
15:33:26.901 [Forwarding newSession on session null to remote] DEBUG io.netty.util.NetUtil - Failed to get SOMAXCONN from sysctl and file \proc\sys\net\core\somaxconn. Default: 200
15:33:26.925 [Forwarding newSession on session null to remote] DEBUG io.netty.channel.DefaultChannelId - -Dio.netty.machineId: b8:8a:60:ff:fe:f2:e7:07 (auto-detected)
15:33:26.977 [AsyncHttpClient-1-2] DEBUG io.netty.buffer.AbstractByteBuf - -Dio.netty.buffer.checkAccessible: true
15:33:26.977 [AsyncHttpClient-1-2] DEBUG io.netty.buffer.AbstractByteBuf - -Dio.netty.buffer.checkBounds: true
15:33:26.977 [AsyncHttpClient-1-2] DEBUG io.netty.util.ResourceLeakDetectorFactory - Loaded default ResourceLeakDetector: io.netty.util.ResourceLeakDetector@2990bbb5
15:33:27.022 [AsyncHttpClient-1-2] DEBUG io.netty.util.Recycler - -Dio.netty.recycler.maxCapacityPerThread: 4096
15:33:27.023 [AsyncHttpClient-1-2] DEBUG io.netty.util.Recycler - -Dio.netty.recycler.ratio: 8
15:33:27.023 [AsyncHttpClient-1-2] DEBUG io.netty.util.Recycler - -Dio.netty.recycler.chunkSize: 32
15:33:27.023 [AsyncHttpClient-1-2] DEBUG io.netty.util.Recycler - -Dio.netty.recycler.blocking: false
15:33:27.023 [AsyncHttpClient-1-2] DEBUG io.netty.util.Recycler - -Dio.netty.recycler.batchFastThreadLocalOnly: true
15:33:27.769 [AsyncHttpClient-1-2] DEBUG io.netty.handler.codec.compression.Brotli - brotli4j not in the classpath; Brotli support will be unavailable.
15:33:27.885 [main] DEBUG io.netty.util.internal.ThreadLocalRandom - -Dio.netty.initialSeedUniquifier: 0x9c59f1187fd663aa
15:33:28.480 [main] DEBUG testCases.TC_001_AccountRegistraionTest - applications Logs .....
15:33:28.480 [main] INFO  testCases.TC_001_AccountRegistraionTest - ***  Starting TC_001_AccountRegistraionTest ***
15:33:28.594 [main] INFO  testCases.TC_001_AccountRegistraionTest - *** Click on My Account ***
15:33:29.024 [main] INFO  testCases.TC_001_AccountRegistraionTest - *** Click on Register ***
15:33:29.028 [main] INFO  testCases.TC_001_AccountRegistraionTest - *** Providing customer Data ***
15:33:29.477 [main] INFO  testCases.TC_001_AccountRegistraionTest - *** Click on Policy Button ***
15:33:29.514 [main] INFO  testCases.TC_001_AccountRegistraionTest - *** Click on Continue Button ***
15:33:29.514 [main] INFO  testCases.TC_001_AccountRegistraionTest - *** Validating Confirmation MSG ***
15:33:30.060 [main] INFO  testCases.TC_001_AccountRegistraionTest - *** finish TC_001_AccountRegistraionTest ***
15:48:05.245 [main] INFO  testCases.TC_001_AccountRegistraionTest - ***  Starting TC_001_AccountRegistraionTest ***
15:48:05.351 [main] INFO  testCases.TC_001_AccountRegistraionTest - *** Click on My Account ***
15:48:05.757 [main] INFO  testCases.TC_001_AccountRegistraionTest - *** Click on Register ***
15:48:05.759 [main] INFO  testCases.TC_001_AccountRegistraionTest - *** Providing customer Data ***
15:48:06.228 [main] INFO  testCases.TC_001_AccountRegistraionTest - *** Click on Policy Button ***
15:48:06.267 [main] INFO  testCases.TC_001_AccountRegistraionTest - *** Click on Continue Button ***
15:48:06.267 [main] INFO  testCases.TC_001_AccountRegistraionTest - *** Validating Confirmation MSG ***
15:48:06.839 [main] INFO  testCases.TC_001_AccountRegistraionTest - *** finish TC_001_AccountRegistraionTest ***
20:57:52.577 [main] INFO  testCases.TC_001_AccountRegistraionTest - ***  Starting TC_001_AccountRegistraionTest ***
20:57:52.719 [main] INFO  testCases.TC_001_AccountRegistraionTest - *** Click on My Account ***
20:57:53.292 [main] INFO  testCases.TC_001_AccountRegistraionTest - *** Click on Register ***
20:57:53.307 [main] INFO  testCases.TC_001_AccountRegistraionTest - *** Providing customer Data ***
20:57:53.783 [main] INFO  testCases.TC_001_AccountRegistraionTest - *** Click on Policy Button ***
20:57:53.825 [main] INFO  testCases.TC_001_AccountRegistraionTest - *** Click on Continue Button ***
20:57:53.825 [main] INFO  testCases.TC_001_AccountRegistraionTest - *** Validating Confirmation MSG ***
21:01:40.224 [main] INFO  testCases.TC_001_AccountRegistraionTest - ***  Starting TC_001_AccountRegistraionTest ***
21:01:40.346 [main] INFO  testCases.TC_001_AccountRegistraionTest - *** Click on My Account ***
21:01:40.775 [main] INFO  testCases.TC_001_AccountRegistraionTest - *** Click on Register ***
21:01:40.777 [main] INFO  testCases.TC_001_AccountRegistraionTest - *** Providing customer Data ***
21:01:41.278 [main] INFO  testCases.TC_001_AccountRegistraionTest - *** Click on Policy Button ***
21:01:41.319 [main] INFO  testCases.TC_001_AccountRegistraionTest - *** Click on Continue Button ***
21:01:41.319 [main] INFO  testCases.TC_001_AccountRegistraionTest - *** Validating Confirmation MSG ***
21:14:55.982 [TestNG-tests-1] INFO  testCases.TC_001_AccountRegistraionTest - ***  Starting TC_001_AccountRegistraionTest ***
21:14:56.097 [TestNG-tests-1] INFO  testCases.TC_001_AccountRegistraionTest - *** Click on My Account ***
21:14:56.511 [TestNG-tests-1] INFO  testCases.TC_001_AccountRegistraionTest - *** Click on Register ***
21:14:56.515 [TestNG-tests-1] INFO  testCases.TC_001_AccountRegistraionTest - *** Providing customer Data ***
21:14:56.992 [TestNG-tests-1] INFO  testCases.TC_001_AccountRegistraionTest - *** Click on Policy Button ***
21:14:57.034 [TestNG-tests-1] INFO  testCases.TC_001_AccountRegistraionTest - *** Click on Continue Button ***
21:14:57.034 [TestNG-tests-1] INFO  testCases.TC_001_AccountRegistraionTest - *** Validating Confirmation MSG ***
21:17:51.269 [TestNG-tests-2] INFO  testCases.TC_001_AccountRegistraionTest - ***  Starting TC_001_AccountRegistraionTest ***
21:17:51.350 [TestNG-tests-1] INFO  testCases.TC_001_AccountRegistraionTest - ***  Starting TC_001_AccountRegistraionTest ***
21:17:51.503 [TestNG-tests-2] INFO  testCases.TC_001_AccountRegistraionTest - *** Click on My Account ***
21:17:51.519 [TestNG-tests-1] INFO  testCases.TC_001_AccountRegistraionTest - *** Click on My Account ***
21:17:52.108 [TestNG-tests-2] INFO  testCases.TC_001_AccountRegistraionTest - *** Click on Register ***
21:17:52.111 [TestNG-tests-2] INFO  testCases.TC_001_AccountRegistraionTest - *** Providing customer Data ***
21:17:52.123 [TestNG-tests-1] INFO  testCases.TC_001_AccountRegistraionTest - *** Click on Register ***
21:17:52.124 [TestNG-tests-1] INFO  testCases.TC_001_AccountRegistraionTest - *** Providing customer Data ***
21:17:52.657 [TestNG-tests-1] INFO  testCases.TC_001_AccountRegistraionTest - *** Click on Policy Button ***
21:17:52.667 [TestNG-tests-2] INFO  testCases.TC_001_AccountRegistraionTest - *** Click on Policy Button ***
21:17:52.703 [TestNG-tests-1] INFO  testCases.TC_001_AccountRegistraionTest - *** Click on Continue Button ***
21:17:52.703 [TestNG-tests-1] INFO  testCases.TC_001_AccountRegistraionTest - *** Validating Confirmation MSG ***
21:17:52.739 [TestNG-tests-2] INFO  testCases.TC_001_AccountRegistraionTest - *** Click on Continue Button ***
21:17:52.740 [TestNG-tests-2] INFO  testCases.TC_001_AccountRegistraionTest - *** Validating Confirmation MSG ***
21:19:11.749 [TestNG-tests-1] INFO  testCases.TC_001_AccountRegistraionTest - ***  Starting TC_001_AccountRegistraionTest ***
21:19:11.749 [TestNG-tests-2] INFO  testCases.TC_001_AccountRegistraionTest - ***  Starting TC_001_AccountRegistraionTest ***
21:19:11.908 [TestNG-tests-2] INFO  testCases.TC_001_AccountRegistraionTest - *** Click on My Account ***
21:19:11.909 [TestNG-tests-1] INFO  testCases.TC_001_AccountRegistraionTest - *** Click on My Account ***
21:19:12.424 [TestNG-tests-2] INFO  testCases.TC_001_AccountRegistraionTest - *** Click on Register ***
21:19:12.428 [TestNG-tests-2] INFO  testCases.TC_001_AccountRegistraionTest - *** Providing customer Data ***
21:19:12.430 [TestNG-tests-1] INFO  testCases.TC_001_AccountRegistraionTest - *** Click on Register ***
21:19:12.431 [TestNG-tests-1] INFO  testCases.TC_001_AccountRegistraionTest - *** Providing customer Data ***
21:19:12.922 [TestNG-tests-1] INFO  testCases.TC_001_AccountRegistraionTest - *** Click on Policy Button ***
21:19:12.933 [TestNG-tests-2] INFO  testCases.TC_001_AccountRegistraionTest - *** Click on Policy Button ***
21:19:12.965 [TestNG-tests-1] INFO  testCases.TC_001_AccountRegistraionTest - *** Click on Continue Button ***
21:19:12.965 [TestNG-tests-1] INFO  testCases.TC_001_AccountRegistraionTest - *** Validating Confirmation MSG ***
21:19:12.987 [TestNG-tests-2] INFO  testCases.TC_001_AccountRegistraionTest - *** Click on Continue Button ***
21:19:12.988 [TestNG-tests-2] INFO  testCases.TC_001_AccountRegistraionTest - *** Validating Confirmation MSG ***
21:20:00.646 [TestNG-tests-2] INFO  testCases.TC_001_AccountRegistraionTest - ***  Starting TC_001_AccountRegistraionTest ***
21:20:00.771 [TestNG-tests-2] INFO  testCases.TC_001_AccountRegistraionTest - *** Click on My Account ***
21:20:01.173 [TestNG-tests-2] INFO  testCases.TC_001_AccountRegistraionTest - *** Click on Register ***
21:20:01.176 [TestNG-tests-2] INFO  testCases.TC_001_AccountRegistraionTest - *** Providing customer Data ***
21:20:01.651 [TestNG-tests-2] INFO  testCases.TC_001_AccountRegistraionTest - *** Click on Policy Button ***
21:20:01.694 [TestNG-tests-2] INFO  testCases.TC_001_AccountRegistraionTest - *** Click on Continue Button ***
21:20:01.694 [TestNG-tests-2] INFO  testCases.TC_001_AccountRegistraionTest - *** Validating Confirmation MSG ***
21:20:09.032 [TestNG-tests-1] INFO  testCases.TC_001_AccountRegistraionTest - ***  Starting TC_001_AccountRegistraionTest ***
21:20:09.129 [TestNG-tests-1] INFO  testCases.TC_001_AccountRegistraionTest - *** Click on My Account ***
21:20:09.546 [TestNG-tests-1] INFO  testCases.TC_001_AccountRegistraionTest - *** Click on Register ***
21:20:09.547 [TestNG-tests-1] INFO  testCases.TC_001_AccountRegistraionTest - *** Providing customer Data ***
21:20:10.056 [TestNG-tests-1] INFO  testCases.TC_001_AccountRegistraionTest - *** Click on Policy Button ***
21:20:10.095 [TestNG-tests-1] INFO  testCases.TC_001_AccountRegistraionTest - *** Click on Continue Button ***
21:20:10.095 [TestNG-tests-1] INFO  testCases.TC_001_AccountRegistraionTest - *** Validating Confirmation MSG ***
21:20:35.859 [TestNG-tests-1] INFO  testCases.TC_001_AccountRegistraionTest - ***  Starting TC_001_AccountRegistraionTest ***
21:20:35.883 [TestNG-tests-2] INFO  testCases.TC_001_AccountRegistraionTest - ***  Starting TC_001_AccountRegistraionTest ***
21:20:36.018 [TestNG-tests-2] INFO  testCases.TC_001_AccountRegistraionTest - *** Click on My Account ***
21:20:36.018 [TestNG-tests-1] INFO  testCases.TC_001_AccountRegistraionTest - *** Click on My Account ***
21:20:36.618 [TestNG-tests-2] INFO  testCases.TC_001_AccountRegistraionTest - *** Click on Register ***
21:20:36.622 [TestNG-tests-2] INFO  testCases.TC_001_AccountRegistraionTest - *** Providing customer Data ***
21:20:36.628 [TestNG-tests-1] INFO  testCases.TC_001_AccountRegistraionTest - *** Click on Register ***
21:20:36.629 [TestNG-tests-1] INFO  testCases.TC_001_AccountRegistraionTest - *** Providing customer Data ***
21:20:37.165 [TestNG-tests-1] INFO  testCases.TC_001_AccountRegistraionTest - *** Click on Policy Button ***
21:20:37.195 [TestNG-tests-2] INFO  testCases.TC_001_AccountRegistraionTest - *** Click on Policy Button ***
21:20:37.204 [TestNG-tests-1] INFO  testCases.TC_001_AccountRegistraionTest - *** Click on Continue Button ***
21:20:37.204 [TestNG-tests-1] INFO  testCases.TC_001_AccountRegistraionTest - *** Validating Confirmation MSG ***
21:20:37.252 [TestNG-tests-2] INFO  testCases.TC_001_AccountRegistraionTest - *** Click on Continue Button ***
21:20:37.252 [TestNG-tests-2] INFO  testCases.TC_001_AccountRegistraionTest - *** Validating Confirmation MSG ***
21:22:32.065 [main] INFO  testCases.TC_001_AccountRegistraionTest - ***  Starting TC_001_AccountRegistraionTest ***
21:22:32.186 [main] INFO  testCases.TC_001_AccountRegistraionTest - *** Click on My Account ***
21:22:32.595 [main] INFO  testCases.TC_001_AccountRegistraionTest - *** Click on Register ***
21:22:32.597 [main] INFO  testCases.TC_001_AccountRegistraionTest - *** Providing customer Data ***
21:22:33.094 [main] INFO  testCases.TC_001_AccountRegistraionTest - *** Click on Policy Button ***
21:22:33.131 [main] INFO  testCases.TC_001_AccountRegistraionTest - *** Click on Continue Button ***
21:22:33.131 [main] INFO  testCases.TC_001_AccountRegistraionTest - *** Validating Confirmation MSG ***
21:35:46.274 [main] INFO  testCases.TC_001_AccountRegistraionTest - ***  Starting TC_001_AccountRegistraionTest ***
21:35:46.379 [main] INFO  testCases.TC_001_AccountRegistraionTest - *** Click on My Account ***
21:35:46.781 [main] INFO  testCases.TC_001_AccountRegistraionTest - *** Click on Register ***
21:35:46.783 [main] INFO  testCases.TC_001_AccountRegistraionTest - *** Providing customer Data ***
21:35:47.201 [main] INFO  testCases.TC_001_AccountRegistraionTest - *** Click on Policy Button ***
21:35:47.234 [main] INFO  testCases.TC_001_AccountRegistraionTest - *** Click on Continue Button ***
21:35:47.234 [main] INFO  testCases.TC_001_AccountRegistraionTest - *** Validating Confirmation MSG ***
22:03:37.502 [main] INFO  testCases.TC_001_AccountRegistraionTest - ***  Starting TC_001_AccountRegistraionTest ***
22:03:37.617 [main] INFO  testCases.TC_001_AccountRegistraionTest - *** Click on My Account ***
22:03:38.014 [main] INFO  testCases.TC_001_AccountRegistraionTest - *** Click on Register ***
22:03:38.016 [main] INFO  testCases.TC_001_AccountRegistraionTest - *** Providing customer Data ***
22:03:38.480 [main] INFO  testCases.TC_001_AccountRegistraionTest - *** Click on Policy Button ***
22:03:38.518 [main] INFO  testCases.TC_001_AccountRegistraionTest - *** Click on Continue Button ***
22:03:38.518 [main] INFO  testCases.TC_001_AccountRegistraionTest - *** Validating Confirmation MSG ***
22:14:18.616 [main] INFO  testCases.TC_001_AccountRegistraionTest - ***  Starting TC_001_AccountRegistraionTest ***
22:14:18.735 [main] INFO  testCases.TC_001_AccountRegistraionTest - *** Click on My Account ***
22:14:19.139 [main] INFO  testCases.TC_001_AccountRegistraionTest - *** Click on Register ***
22:14:19.142 [main] INFO  testCases.TC_001_AccountRegistraionTest - *** Providing customer Data ***
22:14:19.581 [main] INFO  testCases.TC_001_AccountRegistraionTest - *** Click on Policy Button ***
22:14:19.626 [main] INFO  testCases.TC_001_AccountRegistraionTest - *** Click on Continue Button ***
22:14:19.626 [main] INFO  testCases.TC_001_AccountRegistraionTest - *** Validating Confirmation MSG ***
22:20:20.026 [main] INFO  testCases.TC_001_AccountRegistraionTest - ***  Starting TC_001_AccountRegistraionTest ***
22:20:20.147 [main] INFO  testCases.TC_001_AccountRegistraionTest - *** Click on My Account ***
22:20:20.547 [main] INFO  testCases.TC_001_AccountRegistraionTest - *** Click on Register ***
22:20:20.551 [main] INFO  testCases.TC_001_AccountRegistraionTest - *** Providing customer Data ***
22:20:20.990 [main] INFO  testCases.TC_001_AccountRegistraionTest - *** Click on Policy Button ***
22:20:21.026 [main] INFO  testCases.TC_001_AccountRegistraionTest - *** Click on Continue Button ***
22:20:21.026 [main] INFO  testCases.TC_001_AccountRegistraionTest - *** Validating Confirmation MSG ***
22:20:21.717 [main] INFO  testCases.TC_001_AccountRegistraionTest - *** finish TC_001_AccountRegistraionTest ***
15:10:07.071 [main] INFO  testCases.TC_001_AccountRegistraionTest - ***  Starting TC_001_AccountRegistraionTest ***
15:10:07.219 [main] INFO  testCases.TC_001_AccountRegistraionTest - *** Click on My Account ***
15:10:07.811 [main] INFO  testCases.TC_001_AccountRegistraionTest - *** Click on Register ***
15:10:07.823 [main] INFO  testCases.TC_001_AccountRegistraionTest - *** Providing customer Data ***
15:10:08.252 [main] INFO  testCases.TC_001_AccountRegistraionTest - *** Click on Policy Button ***
15:10:08.291 [main] INFO  testCases.TC_001_AccountRegistraionTest - *** Click on Continue Button ***
15:10:08.292 [main] INFO  testCases.TC_001_AccountRegistraionTest - *** Validating Confirmation MSG ***
15:28:40.477 [main] INFO  testCases.TC_001_AccountRegistraionTest - ***  Starting TC_001_AccountRegistraionTest ***
15:28:40.599 [main] INFO  testCases.TC_001_AccountRegistraionTest - *** Click on My Account ***
15:28:41.014 [main] INFO  testCases.TC_001_AccountRegistraionTest - *** Click on Register ***
15:28:41.018 [main] INFO  testCases.TC_001_AccountRegistraionTest - *** Providing customer Data ***
15:28:41.526 [main] INFO  testCases.TC_001_AccountRegistraionTest - *** Click on Policy Button ***
15:28:41.563 [main] INFO  testCases.TC_001_AccountRegistraionTest - *** Click on Continue Button ***
15:28:41.563 [main] INFO  testCases.TC_001_AccountRegistraionTest - *** Validating Confirmation MSG ***
18:21:25.790 [main] INFO  testCases.TC_002_LoginTest - Starting TC_002_LoginTest
18:21:25.936 [main] INFO  testCases.TC_002_LoginTest - ****  Click My Account Button *****
18:21:26.293 [main] INFO  testCases.TC_002_LoginTest - ****  Click Login Button  ****
18:21:26.511 [main] INFO  testCases.TC_002_LoginTest - ****  Click Login Button for sign In  ****
18:23:10.626 [main] INFO  testCases.TC_002_LoginTest - Starting TC_002_LoginTest
18:23:10.749 [main] INFO  testCases.TC_002_LoginTest - ****  Click My Account Button *****
18:23:11.138 [main] INFO  testCases.TC_002_LoginTest - ****  Click Login Button  ****
18:23:11.390 [main] INFO  testCases.TC_002_LoginTest - ****  Click Login Button for sign In  ****
18:23:11.816 [main] INFO  testCases.TC_002_LoginTest - Finishing TC_002_LoginTest
18:24:15.828 [main] INFO  testCases.TC_002_LoginTest - Starting TC_002_LoginTest
18:24:15.946 [main] INFO  testCases.TC_002_LoginTest - ****  Click My Account Button *****
18:24:16.341 [main] INFO  testCases.TC_002_LoginTest - ****  Click Login Button  ****
18:24:16.577 [main] INFO  testCases.TC_002_LoginTest - ****  Click Login Button for sign In  ****
18:24:17.046 [main] INFO  testCases.TC_002_LoginTest - Finishing TC_002_LoginTest
18:43:27.649 [main] INFO  testCases.TC_002_LoginTest - Starting TC_002_LoginTest
18:43:27.768 [main] INFO  testCases.TC_002_LoginTest - ****  Click My Account Button *****
18:43:28.136 [main] INFO  testCases.TC_002_LoginTest - ****  Click Login Button  ****
18:43:28.384 [main] INFO  testCases.TC_002_LoginTest - ****  Click Login Button for sign In  ****
18:43:28.815 [main] INFO  testCases.TC_002_LoginTest - Finishing TC_002_LoginTest
18:43:49.228 [main] INFO  testCases.TC_002_LoginTest - Starting TC_002_LoginTest
18:43:49.345 [main] INFO  testCases.TC_002_LoginTest - ****  Click My Account Button *****
18:43:49.741 [main] INFO  testCases.TC_002_LoginTest - ****  Click Login Button  ****
18:43:49.971 [main] INFO  testCases.TC_002_LoginTest - ****  Click Login Button for sign In  ****
18:43:50.456 [main] INFO  testCases.TC_002_LoginTest - Finishing TC_002_LoginTest
19:48:27.359 [main] INFO  testCases.TC_003_LoginDataDrivenTest - Starting TC_002_LoginTest
19:48:27.495 [main] INFO  testCases.TC_003_LoginDataDrivenTest - ****  Click My Account Button *****
19:48:27.898 [main] INFO  testCases.TC_003_LoginDataDrivenTest - ****  Click Login Button  ****
19:48:28.184 [main] INFO  testCases.TC_003_LoginDataDrivenTest - ****  Click Login Button for sign In  ****
19:48:28.979 [main] INFO  testCases.TC_003_LoginDataDrivenTest - Finishing TC_002_LoginTest
19:48:28.994 [main] INFO  testCases.TC_003_LoginDataDrivenTest - Starting TC_002_LoginTest
19:48:29.057 [main] INFO  testCases.TC_003_LoginDataDrivenTest - ****  Click My Account Button *****
19:48:29.344 [main] INFO  testCases.TC_003_LoginDataDrivenTest - ****  Click Login Button  ****
19:48:29.563 [main] INFO  testCases.TC_003_LoginDataDrivenTest - ****  Click Login Button for sign In  ****
19:48:39.611 [main] INFO  testCases.TC_003_LoginDataDrivenTest - Finishing TC_002_LoginTest
19:48:39.613 [main] INFO  testCases.TC_003_LoginDataDrivenTest - Starting TC_002_LoginTest
19:48:39.675 [main] INFO  testCases.TC_003_LoginDataDrivenTest - ****  Click My Account Button *****
19:48:39.988 [main] INFO  testCases.TC_003_LoginDataDrivenTest - ****  Click Login Button  ****
19:48:40.226 [main] INFO  testCases.TC_003_LoginDataDrivenTest - ****  Click Login Button for sign In  ****
19:48:50.291 [main] INFO  testCases.TC_003_LoginDataDrivenTest - Finishing TC_002_LoginTest
19:48:50.293 [main] INFO  testCases.TC_003_LoginDataDrivenTest - Starting TC_002_LoginTest
19:48:50.361 [main] INFO  testCases.TC_003_LoginDataDrivenTest - ****  Click My Account Button *****
19:48:50.693 [main] INFO  testCases.TC_003_LoginDataDrivenTest - ****  Click Login Button  ****
19:48:50.903 [main] INFO  testCases.TC_003_LoginDataDrivenTest - ****  Click Login Button for sign In  ****
19:49:00.937 [main] INFO  testCases.TC_003_LoginDataDrivenTest - Finishing TC_002_LoginTest
19:49:00.940 [main] INFO  testCases.TC_003_LoginDataDrivenTest - Starting TC_002_LoginTest
19:49:01.002 [main] INFO  testCases.TC_003_LoginDataDrivenTest - ****  Click My Account Button *****
19:49:01.330 [main] INFO  testCases.TC_003_LoginDataDrivenTest - ****  Click Login Button  ****
19:49:01.554 [main] INFO  testCases.TC_003_LoginDataDrivenTest - ****  Click Login Button for sign In  ****
19:49:02.245 [main] INFO  testCases.TC_003_LoginDataDrivenTest - Finishing TC_002_LoginTest
19:51:03.733 [main] INFO  testCases.TC_003_LoginDataDrivenTest - Starting TC_002_LoginTest
19:51:03.872 [main] INFO  testCases.TC_003_LoginDataDrivenTest - ****  Click My Account Button *****
19:51:04.311 [main] INFO  testCases.TC_003_LoginDataDrivenTest - ****  Click Login Button  ****
19:51:04.584 [main] INFO  testCases.TC_003_LoginDataDrivenTest - ****  Click Login Button for sign In  ****
19:51:05.332 [main] INFO  testCases.TC_003_LoginDataDrivenTest - Finishing TC_002_LoginTest
19:51:05.349 [main] INFO  testCases.TC_003_LoginDataDrivenTest - Starting TC_002_LoginTest
19:51:05.415 [main] INFO  testCases.TC_003_LoginDataDrivenTest - ****  Click My Account Button *****
19:51:05.697 [main] INFO  testCases.TC_003_LoginDataDrivenTest - ****  Click Login Button  ****
19:51:05.933 [main] INFO  testCases.TC_003_LoginDataDrivenTest - ****  Click Login Button for sign In  ****
19:51:15.970 [main] INFO  testCases.TC_003_LoginDataDrivenTest - Finishing TC_002_LoginTest
19:51:15.973 [main] INFO  testCases.TC_003_LoginDataDrivenTest - Starting TC_002_LoginTest
19:51:16.044 [main] INFO  testCases.TC_003_LoginDataDrivenTest - ****  Click My Account Button *****
19:51:16.349 [main] INFO  testCases.TC_003_LoginDataDrivenTest - ****  Click Login Button  ****
19:51:16.571 [main] INFO  testCases.TC_003_LoginDataDrivenTest - ****  Click Login Button for sign In  ****
19:51:17.434 [main] INFO  testCases.TC_003_LoginDataDrivenTest - Starting TC_002_LoginTest
19:51:17.504 [main] INFO  testCases.TC_003_LoginDataDrivenTest - ****  Click My Account Button *****
19:51:17.801 [main] INFO  testCases.TC_003_LoginDataDrivenTest - ****  Click Login Button  ****
19:51:18.020 [main] INFO  testCases.TC_003_LoginDataDrivenTest - ****  Click Login Button for sign In  ****
19:51:28.052 [main] INFO  testCases.TC_003_LoginDataDrivenTest - Finishing TC_002_LoginTest
19:51:28.055 [main] INFO  testCases.TC_003_LoginDataDrivenTest - Starting TC_002_LoginTest
19:51:28.120 [main] INFO  testCases.TC_003_LoginDataDrivenTest - ****  Click My Account Button *****
19:51:28.471 [main] INFO  testCases.TC_003_LoginDataDrivenTest - ****  Click Login Button  ****
19:51:28.688 [main] INFO  testCases.TC_003_LoginDataDrivenTest - ****  Click Login Button for sign In  ****
19:51:29.386 [main] INFO  testCases.TC_003_LoginDataDrivenTest - Finishing TC_002_LoginTest
15:45:42.094 [main] INFO  testCases.TC_002_LoginTest - Starting TC_002_LoginTest
15:45:42.256 [main] INFO  testCases.TC_002_LoginTest - ****  Click My Account Button *****
15:45:42.818 [main] INFO  testCases.TC_002_LoginTest - ****  Click Login Button  ****
15:45:43.108 [main] INFO  testCases.TC_002_LoginTest - ****  Click Login Button for sign In  ****
15:45:43.798 [main] INFO  testCases.TC_002_LoginTest - Finishing TC_002_LoginTest
15:46:11.414 [main] INFO  testCases.TC_001_AccountRegistraionTest - ***  Starting TC_001_AccountRegistraionTest ***
15:46:11.537 [main] INFO  testCases.TC_001_AccountRegistraionTest - *** Click on My Account ***
15:46:12.096 [main] INFO  testCases.TC_001_AccountRegistraionTest - *** Click on Register ***
15:46:12.099 [main] INFO  testCases.TC_001_AccountRegistraionTest - *** Providing customer Data ***
15:46:12.583 [main] INFO  testCases.TC_001_AccountRegistraionTest - *** Click on Policy Button ***
15:46:12.623 [main] INFO  testCases.TC_001_AccountRegistraionTest - *** Click on Continue Button ***
15:46:12.623 [main] INFO  testCases.TC_001_AccountRegistraionTest - *** Validating Confirmation MSG ***
15:47:25.970 [main] INFO  testCases.TC_001_AccountRegistraionTest - ***  Starting TC_001_AccountRegistraionTest ***
15:47:26.087 [main] INFO  testCases.TC_001_AccountRegistraionTest - *** Click on My Account ***
15:47:26.505 [main] INFO  testCases.TC_001_AccountRegistraionTest - *** Click on Register ***
15:47:26.507 [main] INFO  testCases.TC_001_AccountRegistraionTest - *** Providing customer Data ***
15:47:26.971 [main] INFO  testCases.TC_001_AccountRegistraionTest - *** Click on Policy Button ***
15:47:27.007 [main] INFO  testCases.TC_001_AccountRegistraionTest - *** Click on Continue Button ***
15:47:27.007 [main] INFO  testCases.TC_001_AccountRegistraionTest - *** Validating Confirmation MSG ***
15:47:39.164 [main] INFO  testCases.TC_002_LoginTest - Starting TC_002_LoginTest
15:47:39.266 [main] INFO  testCases.TC_002_LoginTest - ****  Click My Account Button *****
15:47:39.615 [main] INFO  testCases.TC_002_LoginTest - ****  Click Login Button  ****
15:47:39.904 [main] INFO  testCases.TC_002_LoginTest - ****  Click Login Button for sign In  ****
15:47:40.388 [main] INFO  testCases.TC_002_LoginTest - Finishing TC_002_LoginTest
15:49:37.523 [main] INFO  testCases.TC_001_AccountRegistraionTest - ***  Starting TC_001_AccountRegistraionTest ***
15:49:37.680 [main] INFO  testCases.TC_001_AccountRegistraionTest - *** Click on My Account ***
15:49:38.078 [main] INFO  testCases.TC_001_AccountRegistraionTest - *** Click on Register ***
15:49:38.081 [main] INFO  testCases.TC_001_AccountRegistraionTest - *** Providing customer Data ***
15:49:38.554 [main] INFO  testCases.TC_001_AccountRegistraionTest - *** Click on Policy Button ***
15:49:38.598 [main] INFO  testCases.TC_001_AccountRegistraionTest - *** Click on Continue Button ***
15:49:38.598 [main] INFO  testCases.TC_001_AccountRegistraionTest - *** Validating Confirmation MSG ***
15:52:12.406 [main] INFO  testCases.TC_001_AccountRegistraionTest - ***  Starting TC_001_AccountRegistraionTest ***
15:52:12.525 [main] INFO  testCases.TC_001_AccountRegistraionTest - *** Click on My Account ***
15:52:12.911 [main] INFO  testCases.TC_001_AccountRegistraionTest - *** Click on Register ***
15:52:12.914 [main] INFO  testCases.TC_001_AccountRegistraionTest - *** Providing customer Data ***
15:52:13.409 [main] INFO  testCases.TC_001_AccountRegistraionTest - *** Click on Policy Button ***
15:52:13.447 [main] INFO  testCases.TC_001_AccountRegistraionTest - *** Click on Continue Button ***
15:52:13.448 [main] INFO  testCases.TC_001_AccountRegistraionTest - *** Validating Confirmation MSG ***
15:52:14.144 [main] INFO  testCases.TC_001_AccountRegistraionTest - *** finish TC_001_AccountRegistraionTest ***
15:55:42.971 [main] INFO  testCases.TC_002_LoginTest - Starting TC_002_LoginTest
15:55:43.088 [main] INFO  testCases.TC_002_LoginTest - ****  Click My Account Button *****
15:55:43.471 [main] INFO  testCases.TC_002_LoginTest - ****  Click Login Button  ****
15:55:43.763 [main] INFO  testCases.TC_002_LoginTest - ****  Click Login Button for sign In  ****
15:56:41.061 [main] INFO  testCases.TC_001_AccountRegistraionTest - ***  Starting TC_001_AccountRegistraionTest ***
15:56:41.183 [main] INFO  testCases.TC_001_AccountRegistraionTest - *** Click on My Account ***
15:56:41.601 [main] INFO  testCases.TC_001_AccountRegistraionTest - *** Click on Register ***
15:56:41.604 [main] INFO  testCases.TC_001_AccountRegistraionTest - *** Providing customer Data ***
15:56:42.095 [main] INFO  testCases.TC_001_AccountRegistraionTest - *** Click on Policy Button ***
15:56:42.135 [main] INFO  testCases.TC_001_AccountRegistraionTest - *** Click on Continue Button ***
15:56:42.136 [main] INFO  testCases.TC_001_AccountRegistraionTest - *** Validating Confirmation MSG ***
15:56:54.276 [main] INFO  testCases.TC_002_LoginTest - Starting TC_002_LoginTest
15:56:54.372 [main] INFO  testCases.TC_002_LoginTest - ****  Click My Account Button *****
15:56:54.778 [main] INFO  testCases.TC_002_LoginTest - ****  Click Login Button  ****
15:56:55.072 [main] INFO  testCases.TC_002_LoginTest - ****  Click Login Button for sign In  ****
15:01:30.076 [main] INFO  testCases.TC_003_LoginDataDrivenTest - Starting TC_002_LoginTest
15:01:30.220 [main] INFO  testCases.TC_003_LoginDataDrivenTest - ****  Click My Account Button *****
15:01:30.700 [main] INFO  testCases.TC_003_LoginDataDrivenTest - ****  Click Login Button  ****
15:01:30.977 [main] INFO  testCases.TC_003_LoginDataDrivenTest - ****  Click Login Button for sign In  ****
15:01:31.948 [main] INFO  testCases.TC_003_LoginDataDrivenTest - Finishing TC_002_LoginTest
15:01:31.964 [main] INFO  testCases.TC_003_LoginDataDrivenTest - Starting TC_002_LoginTest
15:01:32.037 [main] INFO  testCases.TC_003_LoginDataDrivenTest - ****  Click My Account Button *****
15:01:32.311 [main] INFO  testCases.TC_003_LoginDataDrivenTest - ****  Click Login Button  ****
15:01:32.540 [main] INFO  testCases.TC_003_LoginDataDrivenTest - ****  Click Login Button for sign In  ****
15:01:42.568 [main] INFO  testCases.TC_003_LoginDataDrivenTest - Finishing TC_002_LoginTest
15:01:42.570 [main] INFO  testCases.TC_003_LoginDataDrivenTest - Starting TC_002_LoginTest
15:01:42.641 [main] INFO  testCases.TC_003_LoginDataDrivenTest - ****  Click My Account Button *****
15:01:42.956 [main] INFO  testCases.TC_003_LoginDataDrivenTest - ****  Click Login Button  ****
15:01:43.177 [main] INFO  testCases.TC_003_LoginDataDrivenTest - ****  Click Login Button for sign In  ****
15:01:44.001 [main] INFO  testCases.TC_003_LoginDataDrivenTest - Starting TC_002_LoginTest
15:01:44.065 [main] INFO  testCases.TC_003_LoginDataDrivenTest - ****  Click My Account Button *****
15:01:44.348 [main] INFO  testCases.TC_003_LoginDataDrivenTest - ****  Click Login Button  ****
15:01:44.557 [main] INFO  testCases.TC_003_LoginDataDrivenTest - ****  Click Login Button for sign In  ****
15:01:54.596 [main] INFO  testCases.TC_003_LoginDataDrivenTest - Finishing TC_002_LoginTest
15:01:54.599 [main] INFO  testCases.TC_003_LoginDataDrivenTest - Starting TC_002_LoginTest
15:01:54.661 [main] INFO  testCases.TC_003_LoginDataDrivenTest - ****  Click My Account Button *****
15:01:54.953 [main] INFO  testCases.TC_003_LoginDataDrivenTest - ****  Click Login Button  ****
15:01:55.167 [main] INFO  testCases.TC_003_LoginDataDrivenTest - ****  Click Login Button for sign In  ****
15:01:55.855 [main] INFO  testCases.TC_003_LoginDataDrivenTest - Finishing TC_002_LoginTest
15:03:13.059 [main] INFO  testCases.TC_002_LoginTest - Starting TC_002_LoginTest
15:03:13.173 [main] INFO  testCases.TC_002_LoginTest - ****  Click My Account Button *****
15:03:13.561 [main] INFO  testCases.TC_002_LoginTest - ****  Click Login Button  ****
15:03:13.837 [main] INFO  testCases.TC_002_LoginTest - ****  Click Login Button for sign In  ****
15:04:02.033 [main] INFO  testCases.TC_002_LoginTest - Starting TC_002_LoginTest
15:04:02.140 [main] INFO  testCases.TC_002_LoginTest - ****  Click My Account Button *****
15:04:02.476 [main] INFO  testCases.TC_002_LoginTest - ****  Click Login Button  ****
15:04:02.744 [main] INFO  testCases.TC_002_LoginTest - ****  Click Login Button for sign In  ****
15:04:03.180 [main] INFO  testCases.TC_002_LoginTest - Finishing TC_002_LoginTest
15:10:41.698 [main] INFO  testCases.TC_002_LoginTest - Starting TC_002_LoginTest
15:10:41.834 [main] INFO  testCases.TC_002_LoginTest - ****  Click My Account Button *****
15:10:42.265 [main] INFO  testCases.TC_002_LoginTest - ****  Click Login Button  ****
15:10:42.521 [main] INFO  testCases.TC_002_LoginTest - ****  Click Login Button for sign In  ****
15:10:42.955 [main] INFO  testCases.TC_002_LoginTest - Finishing TC_002_LoginTest
15:11:23.243 [main] INFO  testCases.TC_002_LoginTest - Starting TC_002_LoginTest
15:11:23.357 [main] INFO  testCases.TC_002_LoginTest - ****  Click My Account Button *****
15:11:23.720 [main] INFO  testCases.TC_002_LoginTest - ****  Click Login Button  ****
15:11:23.991 [main] INFO  testCases.TC_002_LoginTest - ****  Click Login Button for sign In  ****
15:11:24.419 [main] INFO  testCases.TC_002_LoginTest - Finishing TC_002_LoginTest
15:45:33.402 [main] INFO  testCases.TC_002_LoginTest - Starting TC_002_LoginTest
15:45:33.562 [main] INFO  testCases.TC_002_LoginTest - ****  Click My Account Button *****
15:45:34.000 [main] INFO  testCases.TC_002_LoginTest - ****  Click Login Button  ****
15:45:34.312 [main] INFO  testCases.TC_002_LoginTest - ****  Click Login Button for sign In  ****
15:45:34.817 [main] INFO  testCases.TC_002_LoginTest - Finishing TC_002_LoginTest
16:03:54.976 [main] INFO  testCases.TC_002_LoginTest - Starting TC_002_LoginTest
16:03:55.093 [main] INFO  testCases.TC_002_LoginTest - ****  Click My Account Button *****
16:03:55.477 [main] INFO  testCases.TC_002_LoginTest - ****  Click Login Button  ****
16:03:55.738 [main] INFO  testCases.TC_002_LoginTest - ****  Click Login Button for sign In  ****
16:03:56.250 [main] INFO  testCases.TC_002_LoginTest - Finishing TC_002_LoginTest
14:38:04.306 [main] INFO  testCases.TC_002_LoginTest - Starting TC_002_LoginTest
14:38:04.425 [main] INFO  testCases.TC_002_LoginTest - ****  Click My Account Button *****
14:38:04.915 [main] INFO  testCases.TC_002_LoginTest - ****  Click Login Button  ****
14:38:05.178 [main] INFO  testCases.TC_002_LoginTest - ****  Click Login Button for sign In  ****
14:38:05.791 [main] INFO  testCases.TC_002_LoginTest - Finishing TC_002_LoginTest
14:39:43.990 [main] INFO  testCases.TC_002_LoginTest - Starting TC_002_LoginTest
14:39:44.118 [main] INFO  testCases.TC_002_LoginTest - ****  Click My Account Button *****
14:39:44.468 [main] INFO  testCases.TC_002_LoginTest - ****  Click Login Button  ****
14:39:44.730 [main] INFO  testCases.TC_002_LoginTest - ****  Click Login Button for sign In  ****
14:39:45.164 [main] INFO  testCases.TC_002_LoginTest - Finishing TC_002_LoginTest
14:40:34.993 [main] INFO  testCases.TC_002_LoginTest - Starting TC_002_LoginTest
14:40:35.103 [main] INFO  testCases.TC_002_LoginTest - ****  Click My Account Button *****
14:40:35.479 [main] INFO  testCases.TC_002_LoginTest - ****  Click Login Button  ****
14:40:35.736 [main] INFO  testCases.TC_002_LoginTest - ****  Click Login Button for sign In  ****
14:40:36.188 [main] INFO  testCases.TC_002_LoginTest - Finishing TC_002_LoginTest
